Exporter version: 5.6.1, Blender version: 2.79 (sub 0)
========= Conversion from Blender to Babylon.js =========
	Scene settings used:
		selected layers only:  false
		inline textures:  false
		Positions Precision :  4
		Normals Precision   :  3
		UVs Precision       :  3
		Vert Color Precision:  3
		Mat Weight Precision:  2
		texture directory:  F:\Program Files\GitHub\BabylonJS-scripts\snippets\default-babylon-loading\assets\
	Python World class constructor completed
	processing begun of node:  Empty
	processing begun of camera (UniversalCamera):  Camera
	processing begun of mesh:  Suzanne
		processing begun of Standard material:  Suzanne
			Diffuse texture found "colorgrid"
				Image texture found, type:  diffuseTexture, mapped using: "UVMap"
			Bump texture found "grid-nm.png"
				Image texture found, type:  bumpTexture, mapped using: "UVMap"
			Ambient texture found "suzanne_ao"
				Image texture found, type:  ambientTexture, mapped using: "UV2"
		num positions      :  2290
		num normals        :  2290
		num uvs            :  4580
		num uvs2           :  4580
		num colors         :  0
		num indices        :  11808
	processing begun of light (SUN):  Sun
========= Writing of scene file started =========
========= Writing of scene file completed =========
========= end of processing =========
elapsed time:  0 min, 0.3442 secs
